<?xml version="1.0" encoding="UTF-8" standalone="no"?>
<!DOCTYPE log SYSTEM "logger.dtd">
<log>
<record>
  <date>2018-09-04T16:47:08</date>
  <millis>1536059828689</millis>
  <sequence>0</sequence>
  <level>START</level>
  <class>com.kms.katalon.core.logging.KeywordLogger</class>
  <method>startSuite</method>
  <thread>1</thread>
  <message>Start Test Suite : Test Suites/research/alert - Cancel</message>
  <nestedLevel>0</nestedLevel>
  <property name="name">alert - Cancel</property>
  <property name="description"></property>
  <property name="id">Test Suites/research/alert - Cancel</property>
</record>
<record>
  <date>2018-09-04T16:47:08</date>
  <millis>1536059828725</millis>
  <sequence>1</sequence>
  <level>RUN_DATA</level>
  <class>com.kms.katalon.core.logging.KeywordLogger</class>
  <method>logMessage</method>
  <thread>1</thread>
  <message>Logging run data &amp;apos;hostName&amp;apos; with value &amp;apos;E003640 - HW0566.cignitiglobal.com&amp;apos;</message>
  <nestedLevel>0</nestedLevel>
  <property name="hostName">E003640 - HW0566.cignitiglobal.com</property>
</record>
<record>
  <date>2018-09-04T16:47:08</date>
  <millis>1536059828726</millis>
  <sequence>2</sequence>
  <level>RUN_DATA</level>
  <class>com.kms.katalon.core.logging.KeywordLogger</class>
  <method>logMessage</method>
  <thread>1</thread>
  <message>Logging run data &amp;apos;os&amp;apos; with value &amp;apos;Windows 7 64bit&amp;apos;</message>
  <nestedLevel>0</nestedLevel>
  <property name="os">Windows 7 64bit</property>
</record>
<record>
  <date>2018-09-04T16:47:08</date>
  <millis>1536059828726</millis>
  <sequence>3</sequence>
  <level>RUN_DATA</level>
  <class>com.kms.katalon.core.logging.KeywordLogger</class>
  <method>logMessage</method>
  <thread>1</thread>
  <message>Logging run data &amp;apos;hostAddress&amp;apos; with value &amp;apos;10.222.55.239&amp;apos;</message>
  <nestedLevel>0</nestedLevel>
  <property name="hostAddress">10.222.55.239</property>
</record>
<record>
  <date>2018-09-04T16:47:08</date>
  <millis>1536059828727</millis>
  <sequence>4</sequence>
  <level>RUN_DATA</level>
  <class>com.kms.katalon.core.logging.KeywordLogger</class>
  <method>logMessage</method>
  <thread>1</thread>
  <message>Logging run data &amp;apos;katalonVersion&amp;apos; with value &amp;apos;5.6.1.1&amp;apos;</message>
  <nestedLevel>0</nestedLevel>
  <property name="katalonVersion">5.6.1.1</property>
</record>
<record>
  <date>2018-09-04T16:47:09</date>
  <millis>1536059829310</millis>
  <sequence>5</sequence>
  <level>START</level>
  <class>com.kms.katalon.core.logging.KeywordLogger</class>
  <method>startTest</method>
  <thread>1</thread>
  <message>Start Test Case : Test Cases/lims/login</message>
  <nestedLevel>1</nestedLevel>
  <property name="name">Test Cases/lims/login</property>
  <property name="description"></property>
  <property name="id">Test Cases/lims/login</property>
  <property name="source">C:\\Guardant_LIMS\\GH_LIMS\\Test Cases\\lims\\login.tc</property>
  <property name="isOptional">false</property>
</record>
<record>
  <date>2018-09-04T16:47:09</date>
  <millis>1536059829364</millis>
  <sequence>6</sequence>
  <level>INFO</level>
  <class>com.kms.katalon.core.logging.KeywordLogger</class>
  <method>logMessage</method>
  <thread>1</thread>
  <message>Evaluating variables for test case</message>
  <nestedLevel>1</nestedLevel>
</record>
<record>
  <date>2018-09-04T16:47:09</date>
  <millis>1536059829365</millis>
  <sequence>7</sequence>
  <level>INFO</level>
  <class>com.kms.katalon.core.logging.KeywordLogger</class>
  <method>logMessage</method>
  <thread>1</thread>
  <message>Variable &amp;apos;url&amp;apos; is set to http://10.4.80.97:8080/ghlims/logon.jsp</message>
  <nestedLevel>1</nestedLevel>
</record>
<record>
  <date>2018-09-04T16:47:09</date>
  <millis>1536059829366</millis>
  <sequence>8</sequence>
  <level>INFO</level>
  <class>com.kms.katalon.core.logging.KeywordLogger</class>
  <method>logMessage</method>
  <thread>1</thread>
  <message>Variable &amp;apos;userName&amp;apos; is set to admin</message>
  <nestedLevel>1</nestedLevel>
</record>
<record>
  <date>2018-09-04T16:47:09</date>
  <millis>1536059829366</millis>
  <sequence>9</sequence>
  <level>INFO</level>
  <class>com.kms.katalon.core.logging.KeywordLogger</class>
  <method>logMessage</method>
  <thread>1</thread>
  <message>Variable &amp;apos;pswd&amp;apos; is set to admin</message>
  <nestedLevel>1</nestedLevel>
</record>
<record>
  <date>2018-09-04T16:47:09</date>
  <millis>1536059829720</millis>
  <sequence>10</sequence>
  <level>START</level>
  <class>com.kms.katalon.core.logging.KeywordLogger</class>
  <method>startKeyword</method>
  <thread>1</thread>
  <message>Start action : openBrowser</message>
  <nestedLevel>1</nestedLevel>
  <property name="startLine">26</property>
  <property name="stepIndex">1</property>
</record>
<record>
  <date>2018-09-04T16:47:10</date>
  <millis>1536059830383</millis>
  <sequence>11</sequence>
  <level>INFO</level>
  <class>com.kms.katalon.core.logging.KeywordLogger</class>
  <method>logMessage</method>
  <thread>1</thread>
  <message>Opening browser</message>
  <nestedLevel>1</nestedLevel>
</record>
<record>
  <date>2018-09-04T16:47:10</date>
  <millis>1536059830407</millis>
  <sequence>12</sequence>
  <level>INFO</level>
  <class>com.kms.katalon.core.logging.KeywordLogger</class>
  <method>logMessage</method>
  <thread>1</thread>
  <message>Starting &amp;apos;Firefox&amp;apos; driver</message>
  <nestedLevel>1</nestedLevel>
</record>
<record>
  <date>2018-09-04T16:47:10</date>
  <millis>1536059830481</millis>
  <sequence>13</sequence>
  <level>INFO</level>
  <class>com.kms.katalon.core.logging.KeywordLogger</class>
  <method>logMessage</method>
  <thread>1</thread>
  <message>Action delay is set to 0 seconds</message>
  <nestedLevel>1</nestedLevel>
</record>
